<?xml version="1.0" encoding="UTF-8"?>
<testng-results ignored="0" total="1" passed="1" failed="0" skipped="0">
  <reporter-output>
  </reporter-output>
  <suite started-at="2025-06-28T13:54:13 IST" name="Surefire suite" finished-at="2025-06-28T13:54:13 IST" duration-ms="88">
    <groups>
    </groups>
    <test started-at="2025-06-28T13:54:13 IST" name="Surefire test" finished-at="2025-06-28T13:54:13 IST" duration-ms="88">
      <class name="com.swapnil.tests.MyTest">
        <test-method signature="sampleTest()[pri:0, instance:com.swapnil.tests.MyTest@e50a6f6]" started-at="2025-06-28T13:54:13 IST" name="sampleTest" finished-at="2025-06-28T13:54:13 IST" duration-ms="14" status="PASS">
          <reporter-output>
          </reporter-output>
        </test-method> <!-- sampleTest -->
      </class> <!-- com.swapnil.tests.MyTest -->
    </test> <!-- Surefire test -->
  </suite> <!-- Surefire suite -->
</testng-results>
